<?xml version="1.0" encoding="UTF-8"?>
<testng-results ignored="0" total="2" passed="2" failed="0" skipped="0">
  <reporter-output>
  </reporter-output>
  <suite started-at="2021-01-19T17:56:30 GMT" name="Default suite" finished-at="2021-01-19T17:56:32 GMT" duration-ms="1321">
    <groups>
    </groups>
    <test started-at="2021-01-19T17:56:30 GMT" name="Default test" finished-at="2021-01-19T17:56:32 GMT" duration-ms="1321">
      <class name="APITesting.UserData">
        <test-method is-config="true" signature="beforeTest()[pri:0, instance:APITesting.UserData@d706f19]" started-at="2021-01-19T17:56:30 GMT" name="beforeTest" finished-at="2021-01-19T17:56:30 GMT" duration-ms="69" status="PASS">
          <reporter-output>
          </reporter-output>
        </test-method> <!-- beforeTest -->
        <test-method signature="addUser()[pri:0, instance:APITesting.UserData@d706f19]" started-at="2021-01-19T17:56:30 GMT" name="addUser" finished-at="2021-01-19T17:56:32 GMT" duration-ms="1107" status="PASS">
          <reporter-output>
          </reporter-output>
        </test-method> <!-- addUser -->
        <test-method signature="getUser()[pri:0, instance:APITesting.UserData@d706f19]" started-at="2021-01-19T17:56:32 GMT" name="getUser" finished-at="2021-01-19T17:56:32 GMT" duration-ms="96" status="PASS">
          <reporter-output>
          </reporter-output>
        </test-method> <!-- getUser -->
      </class> <!-- APITesting.UserData -->
    </test> <!-- Default test -->
  </suite> <!-- Default suite -->
</testng-results>
